  Graphics.cpp
C:\Users\Kenneth\Desktop\Proyecto2 de progra\Proyecto2 de progra\Graphics.cpp(84,92): warning C4244: 'argumento': conversión de 'int' a 'T'; posible pérdida de datos
C:\Users\Kenneth\Desktop\Proyecto2 de progra\Proyecto2 de progra\Graphics.cpp(84,92): warning C4244:         with
C:\Users\Kenneth\Desktop\Proyecto2 de progra\Proyecto2 de progra\Graphics.cpp(84,92): warning C4244:         [
C:\Users\Kenneth\Desktop\Proyecto2 de progra\Proyecto2 de progra\Graphics.cpp(84,92): warning C4244:             T=float
C:\Users\Kenneth\Desktop\Proyecto2 de progra\Proyecto2 de progra\Graphics.cpp(84,92): warning C4244:         ]
C:\Users\Kenneth\Desktop\Proyecto2 de progra\Proyecto2 de progra\Graphics.cpp(84,71): warning C4244: 'argumento': conversión de 'int' a 'T'; posible pérdida de datos
C:\Users\Kenneth\Desktop\Proyecto2 de progra\Proyecto2 de progra\Graphics.cpp(84,71): warning C4244:         with
C:\Users\Kenneth\Desktop\Proyecto2 de progra\Proyecto2 de progra\Graphics.cpp(84,71): warning C4244:         [
C:\Users\Kenneth\Desktop\Proyecto2 de progra\Proyecto2 de progra\Graphics.cpp(84,71): warning C4244:             T=float
C:\Users\Kenneth\Desktop\Proyecto2 de progra\Proyecto2 de progra\Graphics.cpp(84,71): warning C4244:         ]
C:\Users\Kenneth\Desktop\Proyecto2 de progra\Proyecto2 de progra\Graphics.cpp(107,37): warning C4244: 'argumento': conversión de 'int' a 'float'; posible pérdida de datos
C:\Users\Kenneth\Desktop\Proyecto2 de progra\Proyecto2 de progra\Graphics.cpp(128,58): warning C4244: 'argumento': conversión de 'int' a 'float'; posible pérdida de datos
C:\Users\Kenneth\Desktop\Proyecto2 de progra\Proyecto2 de progra\Graphics.cpp(128,43): warning C4244: 'argumento': conversión de 'int' a 'float'; posible pérdida de datos
C:\Users\Kenneth\Desktop\Proyecto2 de progra\Proyecto2 de progra\Graphics.cpp(138,69): warning C4244: 'argumento': conversión de 'int' a 'float'; posible pérdida de datos
C:\Users\Kenneth\Desktop\Proyecto2 de progra\Proyecto2 de progra\Graphics.cpp(138,49): warning C4244: 'argumento': conversión de 'int' a 'float'; posible pérdida de datos
  main.cpp
  PointList.cpp
  PointNode.cpp
  RouteList.cpp
  RouteNode.cpp
  Generando código
  Previous IPDB was built with incompatible compiler, fall back to full compilation.
  All 240 functions were compiled because no usable IPDB/IOBJ from previous compilation was found.
  Generación de código finalizada
  Proyecto2 de progra.vcxproj -> C:\Users\Kenneth\Desktop\Proyecto2 de progra\x64\Release\Proyecto2 de progra.exe
